<?xml version="1.0" encoding="UTF-8"?>
<!-- Generated by org.testng.reporters.JUnitXMLReporter -->
<testsuite ignored="1" hostname="PRATIK" failures="0" tests="1" name="Default test" time="16.157" errors="0" timestamp="2022-12-04T00:27:57 IST">
  <testcase classname="seleniumFrameworkDesign.testCases.ModifiedStandaloneTest" name="trialTest" time="1.714"/>
  <testcase classname="seleniumFrameworkDesign.testCases.ModifiedStandaloneTest" name="submitOrderTest" time="0.0">
    <ignored/>
  </testcase> <!-- submitOrderTest -->
</testsuite> <!-- Default test -->
