<?xml version="1.0" encoding="UTF-8"?>
<!-- Generated by org.testng.reporters.JUnitXMLReporter -->
<testsuite ignored="0" hostname="PRATIK" failures="0" tests="4" name="error validation tests" time="26.984" errors="0" timestamp="2022-12-04T11:15:36 IST">
  <testcase classname="seleniumFrameworkDesign.testCases.ErrorValidationsCopy" name="loginErrorValidation" time="0.299"/>
  <testcase classname="seleniumFrameworkDesign.testCases.ErrorValidations" name="loginErrorValidation" time="1.106"/>
  <testcase classname="seleniumFrameworkDesign.testCases.ErrorValidationsCopy" name="productErrorValidation" time="6.018"/>
  <testcase classname="seleniumFrameworkDesign.testCases.ErrorValidations" name="productErrorValidation" time="5.892"/>
</testsuite> <!-- error validation tests -->
