<?xml version="1.0" encoding="UTF-8"?>
<!-- Generated by org.testng.reporters.JUnitXMLReporter -->
<testsuite ignored="0" hostname="PRATIK" failures="0" tests="2" name="Submit order tests" time="38.296" errors="0" timestamp="2023-02-07T21:19:55 IST">
  <testcase classname="seleniumFrameworkDesign.testCases.ModifiedStandaloneTest" name="submitOrderTest" time="7.396"/>
  <testcase classname="seleniumFrameworkDesign.testCases.ModifiedStandaloneTest" name="verifyOrdersTest" time="1.278"/>
</testsuite> <!-- Submit order tests -->
