<?xml version="1.0" encoding="UTF-8"?>
<!-- Generated by org.testng.reporters.JUnitXMLReporter -->
<testsuite ignored="0" hostname="PRATIK" failures="0" tests="2" name="error validation tests" time="17.766" errors="0" timestamp="2022-12-01T21:55:36 IST">
  <testcase classname="seleniumFrameworkDesign.testCases.ErrorValidations" name="loginErrorValidation" time="0.984"/>
  <testcase classname="seleniumFrameworkDesign.testCases.ErrorValidations" name="productErrorValidation" time="5.789"/>
</testsuite> <!-- error validation tests -->
