<?xml version="1.0" encoding="UTF-8"?>
<!-- Generated by org.testng.reporters.JUnitXMLReporter -->
<testsuite ignored="2" hostname="PRATIK" failures="0" tests="0" time="0.011" errors="0" timestamp="2023-02-09T17:35:50 IST">
  <testcase classname="seleniumFrameworkDesign.testCases.ModifiedStandaloneTest" name="submitOrderTest" time="0.0">
    <ignored/>
  </testcase> <!-- submitOrderTest -->
  <testcase classname="seleniumFrameworkDesign.testCases.ModifiedStandaloneTest" name="verifyOrdersTest" time="0.0">
    <ignored/>
  </testcase> <!-- verifyOrdersTest -->
</testsuite>
