<?xml version="1.0" encoding="UTF-8"?>
<testng-results ignored="0" total="5" passed="5" failed="0" skipped="0">
  <reporter-output>
  </reporter-output>
  <suite started-at="2022-12-04T11:14:55 IST" name="Suite" finished-at="2022-12-04T11:15:36 IST" duration-ms="40921">
    <groups>
      <group name="errorHandeling">
        <method signature="ErrorValidations.loginErrorValidation()[pri:0, instance:seleniumFrameworkDesign.testCases.ErrorValidations@3eb25e1a]" name="loginErrorValidation" class="seleniumFrameworkDesign.testCases.ErrorValidations"/>
        <method signature="ErrorValidations.productErrorValidation()[pri:0, instance:seleniumFrameworkDesign.testCases.ErrorValidations@3eb25e1a]" name="productErrorValidation" class="seleniumFrameworkDesign.testCases.ErrorValidations"/>
        <method signature="ErrorValidationsCopy.loginErrorValidation()[pri:0, instance:seleniumFrameworkDesign.testCases.ErrorValidationsCopy@477b4cdf]" name="loginErrorValidation" class="seleniumFrameworkDesign.testCases.ErrorValidationsCopy"/>
        <method signature="ErrorValidationsCopy.productErrorValidation()[pri:0, instance:seleniumFrameworkDesign.testCases.ErrorValidationsCopy@477b4cdf]" name="productErrorValidation" class="seleniumFrameworkDesign.testCases.ErrorValidationsCopy"/>
      </group> <!-- errorHandeling -->
    </groups>
    <test started-at="2022-12-04T11:14:55 IST" name="Submit order tests" finished-at="2022-12-04T11:15:09 IST" duration-ms="13915">
      <class name="seleniumFrameworkDesign.testCases.ModifiedStandaloneTest">
        <test-method is-config="true" signature="launchApplication()[pri:0, instance:seleniumFrameworkDesign.testCases.ModifiedStandaloneTest@31304f14]" started-at="2022-12-04T11:14:55 IST" name="launchApplication" finished-at="2022-12-04T11:15:01 IST" duration-ms="5694" status="PASS">
          <reporter-output>
          </reporter-output>
        </test-method> <!-- launchApplication -->
        <test-method signature="submitOrderTest(java.util.HashMap)[pri:0, instance:seleniumFrameworkDesign.testCases.ModifiedStandaloneTest@31304f14]" started-at="2022-12-04T11:15:01 IST" name="submitOrderTest" data-provider="getData" finished-at="2022-12-04T11:15:08 IST" duration-ms="7729" status="PASS">
          <params>
            <param index="0">
              <value>
                <![CDATA[{password=Pratik@123, desired_product_name=ZARA COAT 3, email=pratikkuveskar@gmail.com}]]>
              </value>
            </param>
          </params>
          <reporter-output>
          </reporter-output>
        </test-method> <!-- submitOrderTest -->
        <test-method is-config="true" signature="quitApplication()[pri:0, instance:seleniumFrameworkDesign.testCases.ModifiedStandaloneTest@31304f14]" started-at="2022-12-04T11:15:08 IST" name="quitApplication" finished-at="2022-12-04T11:15:09 IST" duration-ms="255" status="PASS">
          <reporter-output>
          </reporter-output>
        </test-method> <!-- quitApplication -->
      </class> <!-- seleniumFrameworkDesign.testCases.ModifiedStandaloneTest -->
    </test> <!-- Submit order tests -->
    <test started-at="2022-12-04T11:15:09 IST" name="error validation tests" finished-at="2022-12-04T11:15:36 IST" duration-ms="26984">
      <class name="seleniumFrameworkDesign.testCases.ErrorValidations">
        <test-method is-config="true" signature="launchApplication()[pri:0, instance:seleniumFrameworkDesign.testCases.ErrorValidations@3eb25e1a]" started-at="2022-12-04T11:15:09 IST" name="launchApplication" finished-at="2022-12-04T11:15:17 IST" duration-ms="7912" status="PASS">
          <reporter-output>
          </reporter-output>
        </test-method> <!-- launchApplication -->
        <test-method signature="loginErrorValidation()[pri:0, instance:seleniumFrameworkDesign.testCases.ErrorValidations@3eb25e1a]" started-at="2022-12-04T11:15:17 IST" name="loginErrorValidation" finished-at="2022-12-04T11:15:18 IST" duration-ms="1106" status="PASS">
          <reporter-output>
          </reporter-output>
        </test-method> <!-- loginErrorValidation -->
        <test-method is-config="true" signature="quitApplication()[pri:0, instance:seleniumFrameworkDesign.testCases.ErrorValidations@3eb25e1a]" started-at="2022-12-04T11:15:18 IST" name="quitApplication" finished-at="2022-12-04T11:15:18 IST" duration-ms="221" status="PASS">
          <reporter-output>
          </reporter-output>
        </test-method> <!-- quitApplication -->
        <test-method is-config="true" signature="launchApplication()[pri:0, instance:seleniumFrameworkDesign.testCases.ErrorValidations@3eb25e1a]" started-at="2022-12-04T11:15:18 IST" name="launchApplication" finished-at="2022-12-04T11:15:29 IST" duration-ms="11475" status="PASS">
          <reporter-output>
          </reporter-output>
        </test-method> <!-- launchApplication -->
        <test-method signature="productErrorValidation()[pri:0, instance:seleniumFrameworkDesign.testCases.ErrorValidations@3eb25e1a]" started-at="2022-12-04T11:15:29 IST" name="productErrorValidation" finished-at="2022-12-04T11:15:35 IST" duration-ms="5892" status="PASS">
          <reporter-output>
          </reporter-output>
        </test-method> <!-- productErrorValidation -->
        <test-method is-config="true" signature="quitApplication()[pri:0, instance:seleniumFrameworkDesign.testCases.ErrorValidations@3eb25e1a]" started-at="2022-12-04T11:15:35 IST" name="quitApplication" finished-at="2022-12-04T11:15:36 IST" duration-ms="370" status="PASS">
          <reporter-output>
          </reporter-output>
        </test-method> <!-- quitApplication -->
      </class> <!-- seleniumFrameworkDesign.testCases.ErrorValidations -->
      <class name="seleniumFrameworkDesign.testCases.ErrorValidationsCopy">
        <test-method is-config="true" signature="launchApplication()[pri:0, instance:seleniumFrameworkDesign.testCases.ErrorValidationsCopy@477b4cdf]" started-at="2022-12-04T11:15:09 IST" name="launchApplication" finished-at="2022-12-04T11:15:17 IST" duration-ms="8650" status="PASS">
          <reporter-output>
          </reporter-output>
        </test-method> <!-- launchApplication -->
        <test-method signature="loginErrorValidation()[pri:0, instance:seleniumFrameworkDesign.testCases.ErrorValidationsCopy@477b4cdf]" started-at="2022-12-04T11:15:17 IST" name="loginErrorValidation" finished-at="2022-12-04T11:15:18 IST" duration-ms="299" status="PASS">
          <reporter-output>
          </reporter-output>
        </test-method> <!-- loginErrorValidation -->
        <test-method is-config="true" signature="quitApplication()[pri:0, instance:seleniumFrameworkDesign.testCases.ErrorValidationsCopy@477b4cdf]" started-at="2022-12-04T11:15:18 IST" name="quitApplication" finished-at="2022-12-04T11:15:18 IST" duration-ms="259" status="PASS">
          <reporter-output>
          </reporter-output>
        </test-method> <!-- quitApplication -->
        <test-method is-config="true" signature="launchApplication()[pri:0, instance:seleniumFrameworkDesign.testCases.ErrorValidationsCopy@477b4cdf]" started-at="2022-12-04T11:15:18 IST" name="launchApplication" finished-at="2022-12-04T11:15:29 IST" duration-ms="10842" status="PASS">
          <reporter-output>
          </reporter-output>
        </test-method> <!-- launchApplication -->
        <test-method signature="productErrorValidation()[pri:0, instance:seleniumFrameworkDesign.testCases.ErrorValidationsCopy@477b4cdf]" started-at="2022-12-04T11:15:29 IST" name="productErrorValidation" finished-at="2022-12-04T11:15:35 IST" duration-ms="6018" status="PASS">
          <reporter-output>
          </reporter-output>
        </test-method> <!-- productErrorValidation -->
        <test-method is-config="true" signature="quitApplication()[pri:0, instance:seleniumFrameworkDesign.testCases.ErrorValidationsCopy@477b4cdf]" started-at="2022-12-04T11:15:35 IST" name="quitApplication" finished-at="2022-12-04T11:15:35 IST" duration-ms="180" status="PASS">
          <reporter-output>
          </reporter-output>
        </test-method> <!-- quitApplication -->
      </class> <!-- seleniumFrameworkDesign.testCases.ErrorValidationsCopy -->
    </test> <!-- error validation tests -->
  </suite> <!-- Suite -->
</testng-results>
